

Processing ApplicationController#index (for 127.0.0.1 at 2010-06-07 04:43:10) [GET]

ActionController::RoutingError (No route matches "/about" with {:method=>:get}):
  

Rendering rescues/layout (not_found)


Processing PagesController#home (for 127.0.0.1 at 2010-06-07 04:43:26) [GET]
Rendering pages/home
Completed in 98ms (View: 96, DB: 0) | 200 OK [http://0.0.0.0/pages/home]


Processing ApplicationController#index (for 127.0.0.1 at 2010-06-07 12:42:15) [GET]

ActionController::RoutingError (No route matches "/users" with {:method=>:get}):
  

Rendering rescues/layout (not_found)


Processing PagesController#home (for 127.0.0.1 at 2010-06-07 12:42:31) [GET]
Rendering template within layouts/application
Rendering pages/home
Completed in 49ms (View: 47, DB: 0) | 200 OK [http://0.0.0.0/pages/home]


Processing ApplicationController#index (for 127.0.0.1 at 2010-06-07 12:42:31) [GET]

ActionController::RoutingError (No route matches "/stylesheets/blueprint/print.css" with {:method=>:get}):
  

Rendering rescues/layout (not_found)


Processing ApplicationController#index (for 127.0.0.1 at 2010-06-07 12:42:31) [GET]

ActionController::RoutingError (No route matches "/stylesheets/blueprint/screen.css" with {:method=>:get}):
  

Rendering rescues/layout (not_found)


Processing PagesController#home (for 127.0.0.1 at 2010-06-09 04:13:29) [GET]
Rendering template within layouts/application
Rendering pages/home
Completed in 72ms (View: 70, DB: 0) | 200 OK [http://0.0.0.0/pages/home]


Processing ApplicationController#index (for 127.0.0.1 at 2010-06-09 04:13:29) [GET]

ActionController::RoutingError (No route matches "/stylesheets/blueprint/screen.css" with {:method=>:get}):
  

Rendering rescues/layout (not_found)


Processing ApplicationController#index (for 127.0.0.1 at 2010-06-09 04:13:29) [GET]

ActionController::RoutingError (No route matches "/stylesheets/blueprint/print.css" with {:method=>:get}):
  

Rendering rescues/layout (not_found)


Processing ApplicationController#index (for 127.0.0.1 at 2010-06-09 04:13:29) [GET]

ActionController::RoutingError (No route matches "/stylesheets/custom.css" with {:method=>:get}):
  

Rendering rescues/layout (not_found)


Processing ApplicationController#index (for 127.0.0.1 at 2010-06-09 04:13:29) [GET]

ActionController::RoutingError (No route matches "/images/logo.png" with {:method=>:get}):
  

Rendering rescues/layout (not_found)


Processing PagesController#home (for 127.0.0.1 at 2010-06-09 04:28:24) [GET]
Rendering template within layouts/application
Rendering pages/home
Completed in 28ms (View: 27, DB: 0) | 200 OK [http://0.0.0.0/pages/home]


Processing ApplicationController#index (for 127.0.0.1 at 2010-06-09 04:28:25) [GET]

ActionController::RoutingError (No route matches "/stylesheets/blueprint/screen.css" with {:method=>:get}):
  

Rendering rescues/layout (not_found)


Processing ApplicationController#index (for 127.0.0.1 at 2010-06-09 04:28:25) [GET]

ActionController::RoutingError (No route matches "/stylesheets/blueprint/print.css" with {:method=>:get}):
  

Rendering rescues/layout (not_found)


Processing ApplicationController#index (for 127.0.0.1 at 2010-06-09 04:28:25) [GET]

ActionController::RoutingError (No route matches "/stylesheets/custom.css" with {:method=>:get}):
  

Rendering rescues/layout (not_found)


Processing PagesController#home (for 127.0.0.1 at 2010-06-09 05:06:48) [GET]
Rendering template within layouts/application
Rendering pages/home
Completed in 71ms (View: 69, DB: 0) | 200 OK [http://0.0.0.0/pages/home]


Processing ApplicationController#index (for 127.0.0.1 at 2010-06-09 05:06:48) [GET]

ActionController::RoutingError (No route matches "/stylesheets/blueprint/screen.css" with {:method=>:get}):
  

Rendering rescues/layout (not_found)


Processing ApplicationController#index (for 127.0.0.1 at 2010-06-09 05:06:48) [GET]

ActionController::RoutingError (No route matches "/stylesheets/blueprint/print.css" with {:method=>:get}):
  

Rendering rescues/layout (not_found)


Processing PagesController#home (for 127.0.0.1 at 2010-06-09 05:07:52) [GET]
Rendering template within layouts/application
Rendering pages/home
Completed in 5ms (View: 2, DB: 0) | 200 OK [http://0.0.0.0/pages/home]


Processing ApplicationController#index (for 127.0.0.1 at 2010-06-09 05:07:52) [GET]

ActionController::RoutingError (No route matches "/stylesheets/blueprint/screen.css" with {:method=>:get}):
  

Rendering rescues/layout (not_found)


Processing ApplicationController#index (for 127.0.0.1 at 2010-06-09 05:07:52) [GET]

ActionController::RoutingError (No route matches "/stylesheets/blueprint/print.css" with {:method=>:get}):
  

Rendering rescues/layout (not_found)


Processing PagesController#home (for 127.0.0.1 at 2010-06-09 05:09:34) [GET]
Rendering template within layouts/application
Rendering pages/home
Completed in 3ms (View: 2, DB: 0) | 200 OK [http://0.0.0.0/pages/home]


Processing ApplicationController#index (for 127.0.0.1 at 2010-06-09 05:09:34) [GET]

ActionController::RoutingError (No route matches "/stylesheets/blueprint/screen.css" with {:method=>:get}):
  

Rendering rescues/layout (not_found)


Processing ApplicationController#index (for 127.0.0.1 at 2010-06-09 05:09:34) [GET]

ActionController::RoutingError (No route matches "/stylesheets/blueprint/print.css" with {:method=>:get}):
  

Rendering rescues/layout (not_found)


Processing PagesController#home (for 127.0.0.1 at 2010-06-09 05:09:36) [GET]
Rendering template within layouts/application
Rendering pages/home
Completed in 4ms (View: 2, DB: 0) | 200 OK [http://0.0.0.0/pages/home]


Processing ApplicationController#index (for 127.0.0.1 at 2010-06-09 05:09:36) [GET]

ActionController::RoutingError (No route matches "/stylesheets/blueprint/screen.css" with {:method=>:get}):
  

Rendering rescues/layout (not_found)


Processing ApplicationController#index (for 127.0.0.1 at 2010-06-09 05:09:36) [GET]

ActionController::RoutingError (No route matches "/stylesheets/blueprint/print.css" with {:method=>:get}):
  

Rendering rescues/layout (not_found)


Processing PagesController#home (for 127.0.0.1 at 2010-06-09 05:09:46) [GET]
Rendering template within layouts/application
Rendering pages/home
Completed in 4ms (View: 3, DB: 0) | 200 OK [http://0.0.0.0/pages/home]


Processing ApplicationController#index (for 127.0.0.1 at 2010-06-09 05:09:46) [GET]

ActionController::RoutingError (No route matches "/stylesheets/blueprint/screen.css" with {:method=>:get}):
  

Rendering rescues/layout (not_found)


Processing ApplicationController#index (for 127.0.0.1 at 2010-06-09 05:09:46) [GET]

ActionController::RoutingError (No route matches "/stylesheets/blueprint/print.css" with {:method=>:get}):
  

Rendering rescues/layout (not_found)


Processing PagesController#home (for 127.0.0.1 at 2010-06-09 05:11:11) [GET]
Rendering template within layouts/application
Rendering pages/home
Completed in 25ms (View: 24, DB: 0) | 200 OK [http://0.0.0.0/pages/home]


Processing ApplicationController#index (for 127.0.0.1 at 2010-06-09 05:11:11) [GET]

ActionController::RoutingError (No route matches "/stylesheets/blueprint/screen.css" with {:method=>:get}):
  

Rendering rescues/layout (not_found)


Processing ApplicationController#index (for 127.0.0.1 at 2010-06-09 05:11:11) [GET]

ActionController::RoutingError (No route matches "/stylesheets/blueprint/print.css" with {:method=>:get}):
  

Rendering rescues/layout (not_found)


Processing PagesController#home (for 127.0.0.1 at 2010-06-09 05:11:13) [GET]
Rendering template within layouts/application
Rendering pages/home
Completed in 3ms (View: 2, DB: 0) | 200 OK [http://0.0.0.0/pages/home]


Processing ApplicationController#index (for 127.0.0.1 at 2010-06-09 05:11:13) [GET]

ActionController::RoutingError (No route matches "/stylesheets/blueprint/screen.css" with {:method=>:get}):
  

Rendering rescues/layout (not_found)


Processing ApplicationController#index (for 127.0.0.1 at 2010-06-09 05:11:13) [GET]

ActionController::RoutingError (No route matches "/stylesheets/blueprint/print.css" with {:method=>:get}):
  

Rendering rescues/layout (not_found)


Processing PagesController#home (for 127.0.0.1 at 2010-06-09 05:11:16) [GET]
Rendering template within layouts/application
Rendering pages/home
Completed in 3ms (View: 2, DB: 0) | 200 OK [http://0.0.0.0/pages/home]


Processing ApplicationController#index (for 127.0.0.1 at 2010-06-09 05:11:16) [GET]

ActionController::RoutingError (No route matches "/stylesheets/blueprint/screen.css" with {:method=>:get}):
  

Rendering rescues/layout (not_found)


Processing ApplicationController#index (for 127.0.0.1 at 2010-06-09 05:11:16) [GET]

ActionController::RoutingError (No route matches "/stylesheets/blueprint/print.css" with {:method=>:get}):
  

Rendering rescues/layout (not_found)


Processing PagesController#home (for 127.0.0.1 at 2010-06-09 05:12:51) [GET]
Rendering template within layouts/application
Rendering pages/home
Completed in 4ms (View: 3, DB: 0) | 200 OK [http://0.0.0.0/pages/home]


Processing ApplicationController#index (for 127.0.0.1 at 2010-06-09 05:12:51) [GET]

ActionController::RoutingError (No route matches "/stylesheets/blueprint/screen.css" with {:method=>:get}):
  

Rendering rescues/layout (not_found)


Processing ApplicationController#index (for 127.0.0.1 at 2010-06-09 05:12:52) [GET]

ActionController::RoutingError (No route matches "/stylesheets/blueprint/print.css" with {:method=>:get}):
  

Rendering rescues/layout (not_found)


Processing PagesController#home (for 127.0.0.1 at 2010-06-09 05:13:25) [GET]
Rendering template within layouts/application
Rendering pages/home
Completed in 4ms (View: 2, DB: 0) | 200 OK [http://0.0.0.0/pages/home]


Processing ApplicationController#index (for 127.0.0.1 at 2010-06-09 05:13:25) [GET]

ActionController::RoutingError (No route matches "/stylesheets/blueprint/screen.css" with {:method=>:get}):
  

Rendering rescues/layout (not_found)


Processing ApplicationController#index (for 127.0.0.1 at 2010-06-09 05:13:25) [GET]

ActionController::RoutingError (No route matches "/stylesheets/blueprint/print.css" with {:method=>:get}):
  

Rendering rescues/layout (not_found)


Processing PagesController#home (for 127.0.0.1 at 2010-06-09 05:13:35) [GET]
Rendering template within layouts/application
Rendering pages/home
Completed in 24ms (View: 22, DB: 0) | 200 OK [http://0.0.0.0/pages/home]


Processing ApplicationController#index (for 127.0.0.1 at 2010-06-09 05:13:35) [GET]

ActionController::RoutingError (No route matches "/stylesheets/blueprint/screen.css" with {:method=>:get}):
  

Rendering rescues/layout (not_found)


Processing ApplicationController#index (for 127.0.0.1 at 2010-06-09 05:13:35) [GET]

ActionController::RoutingError (No route matches "/stylesheets/blueprint/print.css" with {:method=>:get}):
  

Rendering rescues/layout (not_found)


Processing PagesController#home (for 127.0.0.1 at 2010-06-09 05:13:37) [GET]
Rendering template within layouts/application
Rendering pages/home
Completed in 4ms (View: 2, DB: 0) | 200 OK [http://0.0.0.0/pages/home]


Processing ApplicationController#index (for 127.0.0.1 at 2010-06-09 05:13:37) [GET]

ActionController::RoutingError (No route matches "/stylesheets/blueprint/screen.css" with {:method=>:get}):
  

Rendering rescues/layout (not_found)


Processing ApplicationController#index (for 127.0.0.1 at 2010-06-09 05:13:37) [GET]

ActionController::RoutingError (No route matches "/stylesheets/blueprint/print.css" with {:method=>:get}):
  

Rendering rescues/layout (not_found)


Processing PagesController#home (for 127.0.0.1 at 2010-06-09 05:16:14) [GET]
Rendering template within layouts/application
Rendering pages/home
Completed in 25ms (View: 23, DB: 0) | 200 OK [http://0.0.0.0/pages/home]


Processing ApplicationController#index (for 127.0.0.1 at 2010-06-09 05:16:14) [GET]

ActionController::RoutingError (No route matches "/stylesheets/blueprint/screen.css" with {:method=>:get}):
  

Rendering rescues/layout (not_found)


Processing ApplicationController#index (for 127.0.0.1 at 2010-06-09 05:16:14) [GET]

ActionController::RoutingError (No route matches "/stylesheets/blueprint/print.css" with {:method=>:get}):
  

Rendering rescues/layout (not_found)


Processing PagesController#home (for 127.0.0.1 at 2010-06-09 05:16:16) [GET]
Rendering template within layouts/application
Rendering pages/home
Completed in 3ms (View: 2, DB: 0) | 200 OK [http://0.0.0.0/pages/home]


Processing ApplicationController#index (for 127.0.0.1 at 2010-06-09 05:16:16) [GET]

ActionController::RoutingError (No route matches "/stylesheets/blueprint/screen.css" with {:method=>:get}):
  

Rendering rescues/layout (not_found)


Processing ApplicationController#index (for 127.0.0.1 at 2010-06-09 05:16:16) [GET]

ActionController::RoutingError (No route matches "/stylesheets/blueprint/print.css" with {:method=>:get}):
  

Rendering rescues/layout (not_found)


Processing PagesController#home (for 127.0.0.1 at 2010-06-09 05:16:17) [GET]
Rendering template within layouts/application
Rendering pages/home
Completed in 3ms (View: 2, DB: 0) | 200 OK [http://0.0.0.0/pages/home]


Processing ApplicationController#index (for 127.0.0.1 at 2010-06-09 05:16:17) [GET]

ActionController::RoutingError (No route matches "/stylesheets/blueprint/screen.css" with {:method=>:get}):
  

Rendering rescues/layout (not_found)


Processing ApplicationController#index (for 127.0.0.1 at 2010-06-09 05:16:17) [GET]

ActionController::RoutingError (No route matches "/stylesheets/blueprint/print.css" with {:method=>:get}):
  

Rendering rescues/layout (not_found)


Processing PagesController#home (for 127.0.0.1 at 2010-06-09 05:16:48) [GET]
Rendering template within layouts/application
Rendering pages/home
Completed in 3ms (View: 2, DB: 0) | 200 OK [http://0.0.0.0/pages/home]


Processing ApplicationController#index (for 127.0.0.1 at 2010-06-09 05:16:48) [GET]

ActionController::RoutingError (No route matches "/stylesheets/blueprint/screen.css" with {:method=>:get}):
  

Rendering rescues/layout (not_found)


Processing ApplicationController#index (for 127.0.0.1 at 2010-06-09 05:16:48) [GET]

ActionController::RoutingError (No route matches "/stylesheets/blueprint/print.css" with {:method=>:get}):
  

Rendering rescues/layout (not_found)


Processing PagesController#home (for 127.0.0.1 at 2010-06-09 05:16:49) [GET]
Rendering template within layouts/application
Rendering pages/home
Completed in 3ms (View: 2, DB: 0) | 200 OK [http://0.0.0.0/pages/home]


Processing ApplicationController#index (for 127.0.0.1 at 2010-06-09 05:16:49) [GET]

ActionController::RoutingError (No route matches "/stylesheets/blueprint/screen.css" with {:method=>:get}):
  

Rendering rescues/layout (not_found)


Processing ApplicationController#index (for 127.0.0.1 at 2010-06-09 05:16:49) [GET]

ActionController::RoutingError (No route matches "/stylesheets/blueprint/print.css" with {:method=>:get}):
  

Rendering rescues/layout (not_found)


Processing PagesController#home (for 127.0.0.1 at 2010-06-09 05:16:50) [GET]
Rendering template within layouts/application
Rendering pages/home
Completed in 5ms (View: 2, DB: 0) | 200 OK [http://0.0.0.0/pages/home]


Processing ApplicationController#index (for 127.0.0.1 at 2010-06-09 05:16:50) [GET]

ActionController::RoutingError (No route matches "/stylesheets/blueprint/screen.css" with {:method=>:get}):
  

Rendering rescues/layout (not_found)


Processing ApplicationController#index (for 127.0.0.1 at 2010-06-09 05:16:50) [GET]

ActionController::RoutingError (No route matches "/stylesheets/blueprint/print.css" with {:method=>:get}):
  

Rendering rescues/layout (not_found)


Processing PagesController#home (for 127.0.0.1 at 2010-06-09 05:17:02) [GET]
Rendering template within layouts/application
Rendering pages/home
Completed in 3ms (View: 2, DB: 0) | 200 OK [http://0.0.0.0/pages/home]


Processing ApplicationController#index (for 127.0.0.1 at 2010-06-09 05:17:02) [GET]

ActionController::RoutingError (No route matches "/stylesheets/blueprint/screen.css" with {:method=>:get}):
  

Rendering rescues/layout (not_found)


Processing ApplicationController#index (for 127.0.0.1 at 2010-06-09 05:17:02) [GET]

ActionController::RoutingError (No route matches "/stylesheets/blueprint/print.css" with {:method=>:get}):
  

Rendering rescues/layout (not_found)


Processing PagesController#home (for 127.0.0.1 at 2010-06-09 05:17:05) [GET]
Rendering template within layouts/application
Rendering pages/home
Completed in 4ms (View: 2, DB: 0) | 200 OK [http://0.0.0.0/pages/home]


Processing ApplicationController#index (for 127.0.0.1 at 2010-06-09 05:17:05) [GET]

ActionController::RoutingError (No route matches "/stylesheets/blueprint/screen.css" with {:method=>:get}):
  

Rendering rescues/layout (not_found)


Processing ApplicationController#index (for 127.0.0.1 at 2010-06-09 05:17:05) [GET]

ActionController::RoutingError (No route matches "/stylesheets/blueprint/print.css" with {:method=>:get}):
  

Rendering rescues/layout (not_found)


Processing PagesController#home (for 127.0.0.1 at 2010-06-09 05:17:06) [GET]
Rendering template within layouts/application
Rendering pages/home
Completed in 3ms (View: 2, DB: 0) | 200 OK [http://0.0.0.0/pages/home]


Processing ApplicationController#index (for 127.0.0.1 at 2010-06-09 05:17:06) [GET]

ActionController::RoutingError (No route matches "/stylesheets/blueprint/screen.css" with {:method=>:get}):
  

Rendering rescues/layout (not_found)


Processing ApplicationController#index (for 127.0.0.1 at 2010-06-09 05:17:06) [GET]

ActionController::RoutingError (No route matches "/stylesheets/blueprint/print.css" with {:method=>:get}):
  

Rendering rescues/layout (not_found)


Processing PagesController#home (for 127.0.0.1 at 2010-06-09 05:17:08) [GET]
Rendering template within layouts/application
Rendering pages/home
Completed in 4ms (View: 2, DB: 0) | 200 OK [http://0.0.0.0/pages/home]


Processing ApplicationController#index (for 127.0.0.1 at 2010-06-09 05:17:08) [GET]

ActionController::RoutingError (No route matches "/stylesheets/blueprint/screen.css" with {:method=>:get}):
  

Rendering rescues/layout (not_found)


Processing ApplicationController#index (for 127.0.0.1 at 2010-06-09 05:17:08) [GET]

ActionController::RoutingError (No route matches "/stylesheets/blueprint/print.css" with {:method=>:get}):
  

Rendering rescues/layout (not_found)


Processing PagesController#home (for 127.0.0.1 at 2010-06-09 05:17:19) [GET]
Rendering template within layouts/application
Rendering pages/home
Completed in 4ms (View: 2, DB: 0) | 200 OK [http://0.0.0.0/pages/home]


Processing ApplicationController#index (for 127.0.0.1 at 2010-06-09 05:17:19) [GET]

ActionController::RoutingError (No route matches "/stylesheets/blueprint/screen.css" with {:method=>:get}):
  

Rendering rescues/layout (not_found)


Processing ApplicationController#index (for 127.0.0.1 at 2010-06-09 05:17:19) [GET]

ActionController::RoutingError (No route matches "/stylesheets/blueprint/print.css" with {:method=>:get}):
  

Rendering rescues/layout (not_found)


Processing PagesController#home (for 127.0.0.1 at 2010-06-09 05:17:22) [GET]
Rendering template within layouts/application
Rendering pages/home
Completed in 3ms (View: 2, DB: 0) | 200 OK [http://0.0.0.0/pages/home]


Processing ApplicationController#index (for 127.0.0.1 at 2010-06-09 05:17:22) [GET]

ActionController::RoutingError (No route matches "/stylesheets/blueprint/screen.css" with {:method=>:get}):
  

Rendering rescues/layout (not_found)


Processing ApplicationController#index (for 127.0.0.1 at 2010-06-09 05:17:22) [GET]

ActionController::RoutingError (No route matches "/stylesheets/blueprint/print.css" with {:method=>:get}):
  

Rendering rescues/layout (not_found)


Processing PagesController#home (for 127.0.0.1 at 2010-06-09 05:17:23) [GET]
Rendering template within layouts/application
Rendering pages/home
Completed in 3ms (View: 2, DB: 0) | 200 OK [http://0.0.0.0/pages/home]


Processing ApplicationController#index (for 127.0.0.1 at 2010-06-09 05:17:23) [GET]

ActionController::RoutingError (No route matches "/stylesheets/blueprint/screen.css" with {:method=>:get}):
  

Rendering rescues/layout (not_found)


Processing ApplicationController#index (for 127.0.0.1 at 2010-06-09 05:17:23) [GET]

ActionController::RoutingError (No route matches "/stylesheets/blueprint/print.css" with {:method=>:get}):
  

Rendering rescues/layout (not_found)


Processing PagesController#home (for 127.0.0.1 at 2010-06-09 05:17:23) [GET]
Rendering template within layouts/application
Rendering pages/home
Completed in 3ms (View: 2, DB: 0) | 200 OK [http://0.0.0.0/pages/home]


Processing ApplicationController#index (for 127.0.0.1 at 2010-06-09 05:17:23) [GET]

ActionController::RoutingError (No route matches "/stylesheets/blueprint/screen.css" with {:method=>:get}):
  

Rendering rescues/layout (not_found)


Processing ApplicationController#index (for 127.0.0.1 at 2010-06-09 05:17:23) [GET]

ActionController::RoutingError (No route matches "/stylesheets/blueprint/print.css" with {:method=>:get}):
  

Rendering rescues/layout (not_found)


Processing PagesController#home (for 127.0.0.1 at 2010-06-09 05:17:23) [GET]
Rendering template within layouts/application
Rendering pages/home
Completed in 3ms (View: 2, DB: 0) | 200 OK [http://0.0.0.0/pages/home]


Processing ApplicationController#index (for 127.0.0.1 at 2010-06-09 05:17:23) [GET]

ActionController::RoutingError (No route matches "/stylesheets/blueprint/screen.css" with {:method=>:get}):
  

Rendering rescues/layout (not_found)


Processing ApplicationController#index (for 127.0.0.1 at 2010-06-09 05:17:23) [GET]

ActionController::RoutingError (No route matches "/stylesheets/blueprint/print.css" with {:method=>:get}):
  

Rendering rescues/layout (not_found)


Processing PagesController#home (for 127.0.0.1 at 2010-06-09 05:17:23) [GET]
Rendering template within layouts/application
Rendering pages/home
Completed in 3ms (View: 2, DB: 0) | 200 OK [http://0.0.0.0/pages/home]


Processing ApplicationController#index (for 127.0.0.1 at 2010-06-09 05:17:23) [GET]

ActionController::RoutingError (No route matches "/stylesheets/blueprint/screen.css" with {:method=>:get}):
  

Rendering rescues/layout (not_found)


Processing ApplicationController#index (for 127.0.0.1 at 2010-06-09 05:17:23) [GET]

ActionController::RoutingError (No route matches "/stylesheets/blueprint/print.css" with {:method=>:get}):
  

Rendering rescues/layout (not_found)


Processing PagesController#home (for 127.0.0.1 at 2010-06-09 05:17:47) [GET]
Rendering template within layouts/application
Rendering pages/home
Completed in 3ms (View: 2, DB: 0) | 200 OK [http://0.0.0.0/pages/home]


Processing ApplicationController#index (for 127.0.0.1 at 2010-06-09 05:17:47) [GET]

ActionController::RoutingError (No route matches "/stylesheets/blueprint/screen.css" with {:method=>:get}):
  

Rendering rescues/layout (not_found)


Processing ApplicationController#index (for 127.0.0.1 at 2010-06-09 05:17:47) [GET]

ActionController::RoutingError (No route matches "/stylesheets/blueprint/print.css" with {:method=>:get}):
  

Rendering rescues/layout (not_found)


Processing PagesController#home (for 127.0.0.1 at 2010-06-09 05:17:49) [GET]
Rendering template within layouts/application
Rendering pages/home
Completed in 4ms (View: 2, DB: 0) | 200 OK [http://0.0.0.0/pages/home]


Processing ApplicationController#index (for 127.0.0.1 at 2010-06-09 05:17:49) [GET]

ActionController::RoutingError (No route matches "/stylesheets/blueprint/screen.css" with {:method=>:get}):
  

Rendering rescues/layout (not_found)


Processing ApplicationController#index (for 127.0.0.1 at 2010-06-09 05:17:49) [GET]

ActionController::RoutingError (No route matches "/stylesheets/blueprint/print.css" with {:method=>:get}):
  

Rendering rescues/layout (not_found)


Processing PagesController#home (for 127.0.0.1 at 2010-06-09 05:18:30) [GET]
Rendering template within layouts/application
Rendering pages/home
Completed in 3ms (View: 2, DB: 0) | 200 OK [http://0.0.0.0/pages/home]


Processing ApplicationController#index (for 127.0.0.1 at 2010-06-09 05:18:31) [GET]

ActionController::RoutingError (No route matches "/stylesheets/blueprint/screen.css" with {:method=>:get}):
  

Rendering rescues/layout (not_found)


Processing ApplicationController#index (for 127.0.0.1 at 2010-06-09 05:18:31) [GET]

ActionController::RoutingError (No route matches "/stylesheets/blueprint/print.css" with {:method=>:get}):
  

Rendering rescues/layout (not_found)


Processing PagesController#home (for 127.0.0.1 at 2010-06-09 05:33:04) [GET]
Rendering template within layouts/application
Rendering pages/home

ActionView::TemplateError (Missing layout layouts/_stylesheets.erb in view path app/views) on line #5 of app/views/layouts/application.html.erb:
2: <html lang="en" xml:lang="en" xmlns="http://www.w3.org/1999/xhtml"> 
3:   <head>
4:     <title><%= title %></title> 
5:     <%= render 'layouts/stylesheets' %>
6: 
7:   </head>
8:   <body> 

    app/views/layouts/application.html.erb:5

Rendered rescues/_trace (47.4ms)
Rendered rescues/_request_and_response (1.3ms)
Rendering rescues/layout (internal_server_error)


Processing PagesController#home (for 127.0.0.1 at 2010-06-09 05:57:51) [GET]
Rendering template within layouts/application
Rendering pages/home
Rendered layouts/_stylesheets (1.0ms)
Rendered layouts/_header (1.1ms)
Rendered layouts/_footer (0.7ms)
Completed in 75ms (View: 73, DB: 0) | 200 OK [http://0.0.0.0/pages/home]


Processing ApplicationController#index (for 127.0.0.1 at 2010-06-09 05:57:51) [GET]

ActionController::RoutingError (No route matches "/stylesheets/blueprint/screen.css" with {:method=>:get}):
  

Rendering rescues/layout (not_found)


Processing ApplicationController#index (for 127.0.0.1 at 2010-06-09 05:57:51) [GET]

ActionController::RoutingError (No route matches "/stylesheets/blueprint/print.css" with {:method=>:get}):
  

Rendering rescues/layout (not_found)


Processing PagesController#home (for 127.0.0.1 at 2010-06-09 06:06:36) [GET]
Rendering template within layouts/application
Rendering pages/home
Rendered layouts/_stylesheets (1.2ms)
Rendered layouts/_header (1.0ms)
Rendered layouts/_footer (0.7ms)
Completed in 41ms (View: 39, DB: 0) | 200 OK [http://0.0.0.0/pages/home]


Processing ApplicationController#index (for 127.0.0.1 at 2010-06-09 06:06:36) [GET]

ActionController::RoutingError (No route matches "/stylesheets/blueprint/screen.css" with {:method=>:get}):
  

Rendering rescues/layout (not_found)


Processing ApplicationController#index (for 127.0.0.1 at 2010-06-09 06:06:36) [GET]

ActionController::RoutingError (No route matches "/stylesheets/blueprint/print.css" with {:method=>:get}):
  

Rendering rescues/layout (not_found)


Processing PagesController#home (for 127.0.0.1 at 2010-06-09 06:06:43) [GET]
Rendering template within layouts/application
Rendering pages/home
Rendered layouts/_stylesheets (0.5ms)
Rendered layouts/_header (0.4ms)
Rendered layouts/_footer (0.1ms)
Completed in 4ms (View: 3, DB: 0) | 200 OK [http://0.0.0.0/pages/home]


Processing ApplicationController#index (for 127.0.0.1 at 2010-06-09 06:06:43) [GET]

ActionController::RoutingError (No route matches "/stylesheets/blueprint/screen.css" with {:method=>:get}):
  

Rendering rescues/layout (not_found)


Processing ApplicationController#index (for 127.0.0.1 at 2010-06-09 06:06:43) [GET]

ActionController::RoutingError (No route matches "/stylesheets/blueprint/print.css" with {:method=>:get}):
  

Rendering rescues/layout (not_found)


Processing PagesController#home (for 127.0.0.1 at 2010-06-09 06:06:44) [GET]
Rendering template within layouts/application
Rendering pages/home
Rendered layouts/_stylesheets (0.5ms)
Rendered layouts/_header (0.4ms)
Rendered layouts/_footer (0.1ms)
Completed in 5ms (View: 3, DB: 0) | 200 OK [http://0.0.0.0/pages/home]


Processing ApplicationController#index (for 127.0.0.1 at 2010-06-09 06:06:44) [GET]

ActionController::RoutingError (No route matches "/stylesheets/blueprint/screen.css" with {:method=>:get}):
  

Rendering rescues/layout (not_found)


Processing ApplicationController#index (for 127.0.0.1 at 2010-06-09 06:06:44) [GET]

ActionController::RoutingError (No route matches "/stylesheets/blueprint/print.css" with {:method=>:get}):
  

Rendering rescues/layout (not_found)


Processing PagesController#home (for 127.0.0.1 at 2010-06-09 06:06:45) [GET]
Rendering template within layouts/application
Rendering pages/home
Rendered layouts/_stylesheets (0.5ms)
Rendered layouts/_header (0.4ms)
Rendered layouts/_footer (0.1ms)
Completed in 5ms (View: 3, DB: 0) | 200 OK [http://0.0.0.0/pages/home]


Processing ApplicationController#index (for 127.0.0.1 at 2010-06-09 06:06:45) [GET]

ActionController::RoutingError (No route matches "/stylesheets/blueprint/screen.css" with {:method=>:get}):
  

Rendering rescues/layout (not_found)


Processing ApplicationController#index (for 127.0.0.1 at 2010-06-09 06:06:45) [GET]

ActionController::RoutingError (No route matches "/stylesheets/blueprint/print.css" with {:method=>:get}):
  

Rendering rescues/layout (not_found)


Processing PagesController#home (for 127.0.0.1 at 2010-06-09 06:06:49) [GET]
Rendering template within layouts/application
Rendering pages/home
Rendered layouts/_stylesheets (0.5ms)
Rendered layouts/_header (0.4ms)
Rendered layouts/_footer (0.1ms)
Completed in 4ms (View: 3, DB: 0) | 200 OK [http://0.0.0.0/pages/home]


Processing ApplicationController#index (for 127.0.0.1 at 2010-06-09 06:06:49) [GET]

ActionController::RoutingError (No route matches "/stylesheets/blueprint/screen.css" with {:method=>:get}):
  

Rendering rescues/layout (not_found)


Processing ApplicationController#index (for 127.0.0.1 at 2010-06-09 06:06:49) [GET]

ActionController::RoutingError (No route matches "/stylesheets/blueprint/print.css" with {:method=>:get}):
  

Rendering rescues/layout (not_found)


Processing PagesController#home (for 127.0.0.1 at 2010-06-09 06:06:51) [GET]
Rendering template within layouts/application
Rendering pages/home
Rendered layouts/_stylesheets (0.5ms)
Rendered layouts/_header (0.4ms)
Rendered layouts/_footer (0.1ms)
Completed in 4ms (View: 3, DB: 0) | 200 OK [http://0.0.0.0/pages/home]


Processing ApplicationController#index (for 127.0.0.1 at 2010-06-09 06:06:51) [GET]

ActionController::RoutingError (No route matches "/stylesheets/blueprint/screen.css" with {:method=>:get}):
  

Rendering rescues/layout (not_found)


Processing ApplicationController#index (for 127.0.0.1 at 2010-06-09 06:06:51) [GET]

ActionController::RoutingError (No route matches "/stylesheets/blueprint/print.css" with {:method=>:get}):
  

Rendering rescues/layout (not_found)


Processing PagesController#home (for 127.0.0.1 at 2010-06-09 06:06:53) [GET]
Rendering template within layouts/application
Rendering pages/home
Rendered layouts/_stylesheets (0.5ms)
Rendered layouts/_header (0.5ms)
Rendered layouts/_footer (0.1ms)
Completed in 5ms (View: 3, DB: 0) | 200 OK [http://0.0.0.0/pages/home]


Processing ApplicationController#index (for 127.0.0.1 at 2010-06-09 06:06:53) [GET]

ActionController::RoutingError (No route matches "/stylesheets/blueprint/screen.css" with {:method=>:get}):
  

Rendering rescues/layout (not_found)


Processing ApplicationController#index (for 127.0.0.1 at 2010-06-09 06:06:53) [GET]

ActionController::RoutingError (No route matches "/stylesheets/blueprint/print.css" with {:method=>:get}):
  

Rendering rescues/layout (not_found)


Processing PagesController#home (for 127.0.0.1 at 2010-06-09 06:07:06) [GET]
Rendering template within layouts/application
Rendering pages/home
Rendered layouts/_stylesheets (0.7ms)
Rendered layouts/_header (0.5ms)
Rendered layouts/_footer (0.2ms)
Completed in 5ms (View: 4, DB: 0) | 200 OK [http://0.0.0.0/pages/home]


Processing ApplicationController#index (for 127.0.0.1 at 2010-06-09 06:07:06) [GET]

ActionController::RoutingError (No route matches "/stylesheets/blueprint/screen.css" with {:method=>:get}):
  

Rendering rescues/layout (not_found)


Processing ApplicationController#index (for 127.0.0.1 at 2010-06-09 06:07:06) [GET]

ActionController::RoutingError (No route matches "/stylesheets/blueprint/print.css" with {:method=>:get}):
  

Rendering rescues/layout (not_found)


Processing PagesController#home (for 127.0.0.1 at 2010-06-09 06:07:08) [GET]
Rendering template within layouts/application
Rendering pages/home
Rendered layouts/_stylesheets (0.6ms)
Rendered layouts/_header (0.4ms)
Rendered layouts/_footer (0.1ms)
Completed in 5ms (View: 3, DB: 0) | 200 OK [http://0.0.0.0/pages/home]


Processing ApplicationController#index (for 127.0.0.1 at 2010-06-09 06:07:08) [GET]

ActionController::RoutingError (No route matches "/stylesheets/blueprint/screen.css" with {:method=>:get}):
  

Rendering rescues/layout (not_found)


Processing ApplicationController#index (for 127.0.0.1 at 2010-06-09 06:07:08) [GET]

ActionController::RoutingError (No route matches "/stylesheets/blueprint/print.css" with {:method=>:get}):
  

Rendering rescues/layout (not_found)


Processing PagesController#home (for 127.0.0.1 at 2010-06-09 06:07:25) [GET]
Rendering template within layouts/application
Rendering pages/home
Rendered layouts/_stylesheets (1.0ms)
Rendered layouts/_header (1.1ms)
Rendered layouts/_footer (1.0ms)
Completed in 43ms (View: 40, DB: 0) | 200 OK [http://0.0.0.0/pages/home]


Processing ApplicationController#index (for 127.0.0.1 at 2010-06-09 06:07:25) [GET]

ActionController::RoutingError (No route matches "/stylesheets/blueprint/screen.css" with {:method=>:get}):
  

Rendering rescues/layout (not_found)


Processing ApplicationController#index (for 127.0.0.1 at 2010-06-09 06:07:25) [GET]

ActionController::RoutingError (No route matches "/stylesheets/blueprint/print.css" with {:method=>:get}):
  

Rendering rescues/layout (not_found)


Processing PagesController#home (for 127.0.0.1 at 2010-06-09 06:07:26) [GET]
Rendering template within layouts/application
Rendering pages/home
Rendered layouts/_stylesheets (0.5ms)
Rendered layouts/_header (0.5ms)
Rendered layouts/_footer (0.1ms)
Completed in 5ms (View: 3, DB: 0) | 200 OK [http://0.0.0.0/pages/home]


Processing ApplicationController#index (for 127.0.0.1 at 2010-06-09 06:07:26) [GET]

ActionController::RoutingError (No route matches "/stylesheets/blueprint/screen.css" with {:method=>:get}):
  

Rendering rescues/layout (not_found)


Processing ApplicationController#index (for 127.0.0.1 at 2010-06-09 06:07:26) [GET]

ActionController::RoutingError (No route matches "/stylesheets/blueprint/print.css" with {:method=>:get}):
  

Rendering rescues/layout (not_found)


Processing PagesController#home (for 127.0.0.1 at 2010-06-09 06:07:30) [GET]
Rendering template within layouts/application
Rendering pages/home
Rendered layouts/_stylesheets (0.5ms)
Rendered layouts/_header (0.6ms)
Rendered layouts/_footer (0.1ms)
Completed in 5ms (View: 3, DB: 0) | 200 OK [http://0.0.0.0/pages/home]


Processing ApplicationController#index (for 127.0.0.1 at 2010-06-09 06:07:30) [GET]

ActionController::RoutingError (No route matches "/stylesheets/blueprint/screen.css" with {:method=>:get}):
  

Rendering rescues/layout (not_found)


Processing ApplicationController#index (for 127.0.0.1 at 2010-06-09 06:07:30) [GET]

ActionController::RoutingError (No route matches "/stylesheets/blueprint/print.css" with {:method=>:get}):
  

Rendering rescues/layout (not_found)


Processing PagesController#home (for 127.0.0.1 at 2010-06-09 06:08:00) [GET]
Rendering template within layouts/application
Rendering pages/home
Rendered layouts/_stylesheets (1.1ms)
Rendered layouts/_header (1.1ms)
Rendered layouts/_footer (0.6ms)
Completed in 38ms (View: 37, DB: 0) | 200 OK [http://0.0.0.0/pages/home]


Processing ApplicationController#index (for 127.0.0.1 at 2010-06-09 06:08:00) [GET]

ActionController::RoutingError (No route matches "/stylesheets/blueprint/screen.css" with {:method=>:get}):
  

Rendering rescues/layout (not_found)


Processing ApplicationController#index (for 127.0.0.1 at 2010-06-09 06:08:00) [GET]

ActionController::RoutingError (No route matches "/stylesheets/blueprint/print.css" with {:method=>:get}):
  

Rendering rescues/layout (not_found)


Processing PagesController#home (for 127.0.0.1 at 2010-06-09 06:14:06) [GET]
Rendering template within layouts/application
Rendering pages/home
Rendered layouts/_stylesheets (1.1ms)
Rendered layouts/_header (1.1ms)
Rendered layouts/_footer (0.8ms)
Completed in 41ms (View: 39, DB: 0) | 200 OK [http://0.0.0.0/pages/home]


Processing ApplicationController#index (for 127.0.0.1 at 2010-06-09 06:14:06) [GET]

ActionController::RoutingError (No route matches "/stylesheets/blueprint/screen.css" with {:method=>:get}):
  

Rendering rescues/layout (not_found)


Processing ApplicationController#index (for 127.0.0.1 at 2010-06-09 06:14:06) [GET]

ActionController::RoutingError (No route matches "/stylesheets/blueprint/print.css" with {:method=>:get}):
  

Rendering rescues/layout (not_found)


Processing PagesController#home (for 127.0.0.1 at 2010-06-09 13:19:20) [GET]
Rendering template within layouts/application
Rendering pages/home
Rendered layouts/_stylesheets (16.3ms)
Rendered layouts/_header (7.9ms)
Rendered layouts/_footer (6.9ms)
Completed in 145ms (View: 144, DB: 0) | 200 OK [http://0.0.0.0/pages/home]


Processing ApplicationController#index (for 127.0.0.1 at 2010-06-09 13:19:20) [GET]

ActionController::RoutingError (No route matches "/stylesheets/blueprint/screen.css" with {:method=>:get}):
  

Rendering rescues/layout (not_found)


Processing ApplicationController#index (for 127.0.0.1 at 2010-06-09 13:19:20) [GET]

ActionController::RoutingError (No route matches "/stylesheets/blueprint/print.css" with {:method=>:get}):
  

Rendering rescues/layout (not_found)


Processing PagesController#home (for 127.0.0.1 at 2010-06-09 13:19:25) [GET]
Rendering template within layouts/application
Rendering pages/home
Rendered layouts/_stylesheets (0.5ms)
Rendered layouts/_header (0.4ms)
Rendered layouts/_footer (0.1ms)
Completed in 4ms (View: 3, DB: 0) | 200 OK [http://0.0.0.0/pages/home]


Processing ApplicationController#index (for 127.0.0.1 at 2010-06-09 13:19:25) [GET]

ActionController::RoutingError (No route matches "/stylesheets/blueprint/screen.css" with {:method=>:get}):
  

Rendering rescues/layout (not_found)


Processing ApplicationController#index (for 127.0.0.1 at 2010-06-09 13:19:25) [GET]

ActionController::RoutingError (No route matches "/stylesheets/blueprint/print.css" with {:method=>:get}):
  

Rendering rescues/layout (not_found)


Processing PagesController#home (for 127.0.0.1 at 2010-06-09 13:19:29) [GET]
Rendering template within layouts/application
Rendering pages/home
Rendered layouts/_stylesheets (0.6ms)
Rendered layouts/_header (0.4ms)
Rendered layouts/_footer (0.1ms)
Completed in 5ms (View: 3, DB: 0) | 200 OK [http://0.0.0.0/pages/home]


Processing ApplicationController#index (for 127.0.0.1 at 2010-06-09 13:19:29) [GET]

ActionController::RoutingError (No route matches "/stylesheets/blueprint/screen.css" with {:method=>:get}):
  

Rendering rescues/layout (not_found)


Processing ApplicationController#index (for 127.0.0.1 at 2010-06-09 13:19:29) [GET]

ActionController::RoutingError (No route matches "/stylesheets/blueprint/print.css" with {:method=>:get}):
  

Rendering rescues/layout (not_found)


Processing PagesController#home (for 127.0.0.1 at 2010-06-09 13:19:30) [GET]
Rendering template within layouts/application
Rendering pages/home
Rendered layouts/_stylesheets (0.5ms)
Rendered layouts/_header (0.5ms)
Rendered layouts/_footer (0.1ms)
Completed in 4ms (View: 3, DB: 0) | 200 OK [http://0.0.0.0/pages/home]


Processing ApplicationController#index (for 127.0.0.1 at 2010-06-09 13:19:30) [GET]

ActionController::RoutingError (No route matches "/stylesheets/blueprint/screen.css" with {:method=>:get}):
  

Rendering rescues/layout (not_found)


Processing ApplicationController#index (for 127.0.0.1 at 2010-06-09 13:19:30) [GET]

ActionController::RoutingError (No route matches "/stylesheets/blueprint/print.css" with {:method=>:get}):
  

Rendering rescues/layout (not_found)


Processing PagesController#home (for 127.0.0.1 at 2010-06-09 13:19:30) [GET]
Rendering template within layouts/application
Rendering pages/home
Rendered layouts/_stylesheets (0.5ms)
Rendered layouts/_header (0.4ms)
Rendered layouts/_footer (0.1ms)
Completed in 4ms (View: 3, DB: 0) | 200 OK [http://0.0.0.0/pages/home]


Processing ApplicationController#index (for 127.0.0.1 at 2010-06-09 13:19:30) [GET]

ActionController::RoutingError (No route matches "/stylesheets/blueprint/screen.css" with {:method=>:get}):
  

Rendering rescues/layout (not_found)


Processing ApplicationController#index (for 127.0.0.1 at 2010-06-09 13:19:30) [GET]

ActionController::RoutingError (No route matches "/stylesheets/blueprint/print.css" with {:method=>:get}):
  

Rendering rescues/layout (not_found)


Processing PagesController#home (for 127.0.0.1 at 2010-06-09 13:19:31) [GET]
Rendering template within layouts/application
Rendering pages/home
Rendered layouts/_stylesheets (0.8ms)
Rendered layouts/_header (0.4ms)
Rendered layouts/_footer (0.1ms)
Completed in 5ms (View: 3, DB: 0) | 200 OK [http://0.0.0.0/pages/home]


Processing ApplicationController#index (for 127.0.0.1 at 2010-06-09 13:19:31) [GET]

ActionController::RoutingError (No route matches "/stylesheets/blueprint/screen.css" with {:method=>:get}):
  

Rendering rescues/layout (not_found)


Processing ApplicationController#index (for 127.0.0.1 at 2010-06-09 13:19:31) [GET]

ActionController::RoutingError (No route matches "/stylesheets/blueprint/print.css" with {:method=>:get}):
  

Rendering rescues/layout (not_found)


Processing PagesController#home (for 127.0.0.1 at 2010-06-09 13:19:32) [GET]
Rendering template within layouts/application
Rendering pages/home
Rendered layouts/_stylesheets (0.5ms)
Rendered layouts/_header (0.5ms)
Rendered layouts/_footer (0.1ms)
Completed in 5ms (View: 3, DB: 0) | 200 OK [http://0.0.0.0/pages/home]


Processing ApplicationController#index (for 127.0.0.1 at 2010-06-09 13:19:32) [GET]

ActionController::RoutingError (No route matches "/stylesheets/blueprint/screen.css" with {:method=>:get}):
  

Rendering rescues/layout (not_found)


Processing ApplicationController#index (for 127.0.0.1 at 2010-06-09 13:19:32) [GET]

ActionController::RoutingError (No route matches "/stylesheets/blueprint/print.css" with {:method=>:get}):
  

Rendering rescues/layout (not_found)


Processing PagesController#home (for 127.0.0.1 at 2010-06-09 13:19:32) [GET]
Rendering template within layouts/application
Rendering pages/home
Rendered layouts/_stylesheets (0.5ms)
Rendered layouts/_header (0.4ms)
Rendered layouts/_footer (0.1ms)
Completed in 4ms (View: 3, DB: 0) | 200 OK [http://0.0.0.0/pages/home]


Processing ApplicationController#index (for 127.0.0.1 at 2010-06-09 13:19:32) [GET]

ActionController::RoutingError (No route matches "/stylesheets/blueprint/screen.css" with {:method=>:get}):
  

Rendering rescues/layout (not_found)


Processing ApplicationController#index (for 127.0.0.1 at 2010-06-09 13:19:32) [GET]

ActionController::RoutingError (No route matches "/stylesheets/blueprint/print.css" with {:method=>:get}):
  

Rendering rescues/layout (not_found)


Processing PagesController#home (for 127.0.0.1 at 2010-06-09 13:19:33) [GET]
Rendering template within layouts/application
Rendering pages/home
Rendered layouts/_stylesheets (0.5ms)
Rendered layouts/_header (0.4ms)
Rendered layouts/_footer (0.1ms)
Completed in 4ms (View: 3, DB: 0) | 200 OK [http://0.0.0.0/pages/home]


Processing ApplicationController#index (for 127.0.0.1 at 2010-06-09 13:19:33) [GET]

ActionController::RoutingError (No route matches "/stylesheets/blueprint/screen.css" with {:method=>:get}):
  

Rendering rescues/layout (not_found)


Processing ApplicationController#index (for 127.0.0.1 at 2010-06-09 13:19:33) [GET]

ActionController::RoutingError (No route matches "/stylesheets/blueprint/print.css" with {:method=>:get}):
  

Rendering rescues/layout (not_found)


Processing PagesController#home (for 127.0.0.1 at 2010-06-09 13:19:34) [GET]
Rendering template within layouts/application
Rendering pages/home
Rendered layouts/_stylesheets (0.5ms)
Rendered layouts/_header (0.4ms)
Rendered layouts/_footer (0.1ms)
Completed in 4ms (View: 3, DB: 0) | 200 OK [http://0.0.0.0/pages/home]


Processing ApplicationController#index (for 127.0.0.1 at 2010-06-09 13:19:34) [GET]

ActionController::RoutingError (No route matches "/stylesheets/blueprint/screen.css" with {:method=>:get}):
  

Rendering rescues/layout (not_found)


Processing ApplicationController#index (for 127.0.0.1 at 2010-06-09 13:19:34) [GET]

ActionController::RoutingError (No route matches "/stylesheets/blueprint/print.css" with {:method=>:get}):
  

Rendering rescues/layout (not_found)


Processing PagesController#home (for 127.0.0.1 at 2010-06-09 13:19:36) [GET]
Rendering template within layouts/application
Rendering pages/home
Rendered layouts/_stylesheets (0.5ms)
Rendered layouts/_header (0.4ms)
Rendered layouts/_footer (0.1ms)
Completed in 5ms (View: 3, DB: 0) | 200 OK [http://0.0.0.0/pages/home]


Processing ApplicationController#index (for 127.0.0.1 at 2010-06-09 13:19:36) [GET]

ActionController::RoutingError (No route matches "/stylesheets/blueprint/screen.css" with {:method=>:get}):
  

Rendering rescues/layout (not_found)


Processing ApplicationController#index (for 127.0.0.1 at 2010-06-09 13:19:36) [GET]

ActionController::RoutingError (No route matches "/stylesheets/blueprint/print.css" with {:method=>:get}):
  

Rendering rescues/layout (not_found)


Processing PagesController#home (for 127.0.0.1 at 2010-06-09 19:08:05) [GET]
Rendering template within layouts/application
Rendering pages/home
Rendered layouts/_stylesheets (1.1ms)
Rendered layouts/_header (1.2ms)
Rendered layouts/_footer (0.8ms)
Completed in 64ms (View: 62, DB: 0) | 200 OK [http://0.0.0.0/pages/home]


Processing ApplicationController#index (for 127.0.0.1 at 2010-06-09 19:08:05) [GET]

ActionController::RoutingError (No route matches "/stylesheets/blueprint/screen.css" with {:method=>:get}):
  

Rendering rescues/layout (not_found)


Processing ApplicationController#index (for 127.0.0.1 at 2010-06-09 19:08:05) [GET]

ActionController::RoutingError (No route matches "/stylesheets/blueprint/print.css" with {:method=>:get}):
  

Rendering rescues/layout (not_found)


Processing PagesController#home (for 127.0.0.1 at 2010-06-09 19:08:12) [GET]
Rendering template within layouts/application
Rendering pages/home
Rendered layouts/_stylesheets (0.5ms)
Rendered layouts/_header (0.5ms)
Rendered layouts/_footer (0.2ms)
Completed in 5ms (View: 3, DB: 0) | 200 OK [http://0.0.0.0/pages/home]


Processing ApplicationController#index (for 127.0.0.1 at 2010-06-09 19:08:12) [GET]

ActionController::RoutingError (No route matches "/stylesheets/blueprint/screen.css" with {:method=>:get}):
  

Rendering rescues/layout (not_found)


Processing ApplicationController#index (for 127.0.0.1 at 2010-06-09 19:08:12) [GET]

ActionController::RoutingError (No route matches "/stylesheets/blueprint/print.css" with {:method=>:get}):
  

Rendering rescues/layout (not_found)


Processing PagesController#home (for 127.0.0.1 at 2010-06-09 19:08:16) [GET]
Rendering template within layouts/application
Rendering pages/home
Rendered layouts/_stylesheets (0.5ms)
Rendered layouts/_header (0.5ms)
Rendered layouts/_footer (0.2ms)
Completed in 4ms (View: 3, DB: 0) | 200 OK [http://0.0.0.0/]


Processing ApplicationController#index (for 127.0.0.1 at 2010-06-09 19:08:16) [GET]

ActionController::RoutingError (No route matches "/stylesheets/blueprint/screen.css" with {:method=>:get}):
  

Rendering rescues/layout (not_found)


Processing ApplicationController#index (for 127.0.0.1 at 2010-06-09 19:08:16) [GET]

ActionController::RoutingError (No route matches "/stylesheets/blueprint/print.css" with {:method=>:get}):
  

Rendering rescues/layout (not_found)


Processing PagesController#help (for 127.0.0.1 at 2010-06-09 19:08:17) [GET]
Rendering template within layouts/application
Rendering pages/help
Rendered layouts/_stylesheets (1.0ms)
Rendered layouts/_header (0.5ms)
Rendered layouts/_footer (0.2ms)
Completed in 11ms (View: 8, DB: 0) | 200 OK [http://0.0.0.0/help]


Processing ApplicationController#index (for 127.0.0.1 at 2010-06-09 19:08:17) [GET]

ActionController::RoutingError (No route matches "/stylesheets/blueprint/screen.css" with {:method=>:get}):
  

Rendering rescues/layout (not_found)


Processing ApplicationController#index (for 127.0.0.1 at 2010-06-09 19:08:17) [GET]

ActionController::RoutingError (No route matches "/stylesheets/blueprint/print.css" with {:method=>:get}):
  

Rendering rescues/layout (not_found)


Processing PagesController#home (for 127.0.0.1 at 2010-06-09 19:08:18) [GET]
Rendering template within layouts/application
Rendering pages/home
Rendered layouts/_stylesheets (0.6ms)
Rendered layouts/_header (0.6ms)
Rendered layouts/_footer (0.2ms)
Completed in 5ms (View: 3, DB: 0) | 200 OK [http://0.0.0.0/]


Processing ApplicationController#index (for 127.0.0.1 at 2010-06-09 19:08:18) [GET]

ActionController::RoutingError (No route matches "/stylesheets/blueprint/screen.css" with {:method=>:get}):
  

Rendering rescues/layout (not_found)


Processing ApplicationController#index (for 127.0.0.1 at 2010-06-09 19:08:18) [GET]

ActionController::RoutingError (No route matches "/stylesheets/blueprint/print.css" with {:method=>:get}):
  

Rendering rescues/layout (not_found)


Processing PagesController#home (for 127.0.0.1 at 2010-06-09 19:08:20) [GET]
Rendering template within layouts/application
Rendering pages/home
Rendered layouts/_stylesheets (0.5ms)
Rendered layouts/_header (0.5ms)
Rendered layouts/_footer (0.2ms)
Completed in 4ms (View: 3, DB: 0) | 200 OK [http://0.0.0.0/]


Processing ApplicationController#index (for 127.0.0.1 at 2010-06-09 19:08:20) [GET]

ActionController::RoutingError (No route matches "/stylesheets/blueprint/screen.css" with {:method=>:get}):
  

Rendering rescues/layout (not_found)


Processing ApplicationController#index (for 127.0.0.1 at 2010-06-09 19:08:20) [GET]

ActionController::RoutingError (No route matches "/stylesheets/blueprint/print.css" with {:method=>:get}):
  

Rendering rescues/layout (not_found)


Processing PagesController#contact (for 127.0.0.1 at 2010-06-09 19:08:22) [GET]
Rendering template within layouts/application
Rendering pages/contact
Rendered layouts/_stylesheets (0.5ms)
Rendered layouts/_header (0.5ms)
Rendered layouts/_footer (0.2ms)
Completed in 8ms (View: 7, DB: 0) | 200 OK [http://0.0.0.0/contact]


Processing ApplicationController#index (for 127.0.0.1 at 2010-06-09 19:08:22) [GET]

ActionController::RoutingError (No route matches "/stylesheets/blueprint/screen.css" with {:method=>:get}):
  

Rendering rescues/layout (not_found)


Processing ApplicationController#index (for 127.0.0.1 at 2010-06-09 19:08:22) [GET]

ActionController::RoutingError (No route matches "/stylesheets/blueprint/print.css" with {:method=>:get}):
  

Rendering rescues/layout (not_found)


Processing PagesController#home (for 127.0.0.1 at 2010-06-09 19:08:29) [GET]
Rendering template within layouts/application
Rendering pages/home
Rendered layouts/_stylesheets (0.5ms)
Rendered layouts/_header (0.5ms)
Rendered layouts/_footer (0.6ms)
Completed in 6ms (View: 4, DB: 0) | 200 OK [http://0.0.0.0/]


Processing ApplicationController#index (for 127.0.0.1 at 2010-06-09 19:08:29) [GET]

ActionController::RoutingError (No route matches "/stylesheets/blueprint/screen.css" with {:method=>:get}):
  

Rendering rescues/layout (not_found)


Processing ApplicationController#index (for 127.0.0.1 at 2010-06-09 19:08:29) [GET]

ActionController::RoutingError (No route matches "/stylesheets/blueprint/print.css" with {:method=>:get}):
  

Rendering rescues/layout (not_found)
